<?xml version="1.0" encoding="UTF-8"?>
<!-- Generated by org.testng.reporters.JUnitXMLReporter -->
<testsuite hostname="LAPTOP-8UQSIP5B" ignored="0" name="test1" tests="2" failures="0" timestamp="2020-08-29T19:25:55 GST" time="0.061" errors="0">
  <testcase name="@BeforeTest m1" time="0.013" classname="com.testng.basics.AnnotationSample">
    <failure type="java.lang.NullPointerException">
      <![CDATA[java.lang.NullPointerException
at com.testng.basics.AnnotationSample.m1(AnnotationSample.java:36)
... Removed 33 stack frames]]>
    </failure>
  </testcase> <!-- @BeforeTest m1 -->
  <testcase name="@BeforeTest m3" time="-1.598714755177E9" classname="com.testng.basics.AnnotationSample2">
    <skipped/>
  </testcase> <!-- @BeforeTest m3 -->
  <testcase name="@AfterMethod getResult" time="-1.598714755207E9" classname="com.testng.basics.AnnotationSample">
    <skipped/>
  </testcase> <!-- @AfterMethod getResult -->
  <testcase name="@AfterTest tearDown" time="-1.59871475521E9" classname="com.testng.basics.AnnotationSample">
    <skipped/>
  </testcase> <!-- @AfterTest tearDown -->
  <testcase name="@AfterTest m2" time="-1.598714755211E9" classname="com.testng.basics.AnnotationSample2">
    <skipped/>
  </testcase> <!-- @AfterTest m2 -->
  <testcase name="m2" time="0.0" classname="com.testng.basics.AnnotationSample">
    <skipped/>
  </testcase> <!-- m2 -->
  <testcase name="m1" time="0.0" classname="com.testng.basics.AnnotationSample2">
    <skipped/>
  </testcase> <!-- m1 -->
</testsuite> <!-- test1 -->
